<?xml version="1.0" encoding="UTF-8"?>
<testsuite xmlns:xsi="http://www.w3.org/2001/XMLSchema-instance" xsi:noNamespaceSchemaLocation="https://maven.apache.org/surefire/maven-surefire-plugin/xsd/surefire-test-report-3.0.xsd" version="3.0" name="com.example.urlshortener.UrlShortenerApplicationTests" time="10.943" tests="1" errors="0" skipped="0" failures="0">
  <properties>
[...]
</properties>
  <testcase name="contextLoads" classname="com.example.urlshortener.UrlShortenerApplicationTests" time="1.766">
    <system-out><![CDATA[10:30:56.347 [main] INFO org.springframework.test.context.support.AnnotationConfigContextLoaderUtils -- Could not detect default configuration classes for test class [com.example.urlshortener.UrlShortenerApplicationTests]: UrlShortenerApplicationTests does not declare any static, non-private, non-final, nested classes annotated with @Configuration.
10:30:56.750 [main] INFO org.springframework.boot.test.context.SpringBootTestContextBootstrapper -- Found @SpringBootConfiguration com.example.urlshortener.UrlShortenerApplication for test class com.example.urlshortener.UrlShortenerApplicationTests

  .   ____          _            __ _ _
 /\\ / ___'_ __ _ _(_)_ __  __ _ \ \ \ \
( ( )\___ | '_ | '_| | '_ \/ _` | \ \ \ \
 \\/  ___)| |_)| | | | | || (_| |  ) ) ) )
  '  |____| .__|_| |_|_| |_\__, | / / / /
 =========|_|==============|___/=/_/_/_/
 :: Spring Boot ::                (v3.1.0)

2025-04-14T10:30:58.272+05:30  INFO 2016 --- [           main] c.e.u.UrlShortenerApplicationTests       : Starting UrlShortenerApplicationTests using Java 23.0.2 with PID 2016 (started by sahil in C:\Users\sahil\Downloads\urlShortner)
2025-04-14T10:30:58.276+05:30  INFO 2016 --- [           main] c.e.u.UrlShortenerApplicationTests       : No active profile set, falling back to 1 default profile: "default"
2025-04-14T10:31:00.121+05:30  INFO 2016 --- [           main] .s.d.r.c.RepositoryConfigurationDelegate : Bootstrapping Spring Data MongoDB repositories in DEFAULT mode.
2025-04-14T10:31:00.394+05:30  INFO 2016 --- [           main] .s.d.r.c.RepositoryConfigurationDelegate : Finished Spring Data repository scanning in 225 ms. Found 1 MongoDB repository interfaces.
2025-04-14T10:31:02.011+05:30  INFO 2016 --- [           main] org.mongodb.driver.client                : MongoClient with metadata {"driver": {"name": "mongo-java-driver|sync|spring-boot", "version": "4.9.1"}, "os": {"type": "Windows", "name": "Windows 11", "architecture": "amd64", "version": "10.0"}, "platform": "Java/Oracle Corporation/23.0.2+7-58"} created with settings MongoClientSettings{readPreference=primary, writeConcern=WriteConcern{w=null, wTimeout=null ms, journal=null}, retryWrites=true, retryReads=true, readConcern=ReadConcern{level=null}, credential=MongoCredential{mechanism=null, userName='sahil', source='admin', password=<hidden>, mechanismProperties=<hidden>}, streamFactoryFactory=null, commandListeners=[], codecRegistry=ProvidersCodecRegistry{codecProviders=[ValueCodecProvider{}, BsonValueCodecProvider{}, DBRefCodecProvider{}, DBObjectCodecProvider{}, DocumentCodecProvider{}, CollectionCodecProvider{}, IterableCodecProvider{}, MapCodecProvider{}, GeoJsonCodecProvider{}, GridFSFileCodecProvider{}, Jsr310CodecProvider{}, JsonObjectCodecProvider{}, BsonCodecProvider{}, EnumCodecProvider{}, com.mongodb.client.model.mql.ExpressionCodecProvider@208f0007, com.mongodb.Jep395RecordCodecProvider@3a90c13c]}, loggerSettings=LoggerSettings{maxDocumentLength=1000}, clusterSettings={hosts=[127.0.0.1:27017], srvHost=db.lmsrd.mongodb.net, srvServiceName=mongodb, mode=MULTIPLE, requiredClusterType=REPLICA_SET, requiredReplicaSetName='atlas-18b4bn-shard-0', serverSelector='null', clusterListeners='[]', serverSelectionTimeout='30000 ms', localThreshold='30000 ms'}, socketSettings=SocketSettings{connectTimeoutMS=10000, readTimeoutMS=0, receiveBufferSize=0, sendBufferSize=0}, heartbeatSocketSettings=SocketSettings{connectTimeoutMS=10000, readTimeoutMS=10000, receiveBufferSize=0, sendBufferSize=0}, connectionPoolSettings=ConnectionPoolSettings{maxSize=100, minSize=0, maxWaitTimeMS=120000, maxConnectionLifeTimeMS=0, maxConnectionIdleTimeMS=0, maintenanceInitialDelayMS=0, maintenanceFrequencyMS=60000, connectionPoolListeners=[], maxConnecting=2}, serverSettings=ServerSettings{heartbeatFrequencyMS=10000, minHeartbeatFrequencyMS=500, serverListeners='[]', serverMonitorListeners='[]'}, sslSettings=SslSettings{enabled=true, invalidHostNameAllowed=false, context=null}, applicationName='null', compressorList=[], uuidRepresentation=JAVA_LEGACY, serverApi=null, autoEncryptionSettings=null, contextProvider=null}
2025-04-14T10:31:02.125+05:30  INFO 2016 --- [srd.mongodb.net] org.mongodb.driver.cluster               : Adding discovered server db-shard-00-00.lmsrd.mongodb.net:27017 to client view of cluster
2025-04-14T10:31:02.267+05:30  INFO 2016 --- [srd.mongodb.net] org.mongodb.driver.cluster               : Adding discovered server db-shard-00-01.lmsrd.mongodb.net:27017 to client view of cluster
2025-04-14T10:31:02.272+05:30  INFO 2016 --- [srd.mongodb.net] org.mongodb.driver.cluster               : Adding discovered server db-shard-00-02.lmsrd.mongodb.net:27017 to client view of cluster
2025-04-14T10:31:03.930+05:30  INFO 2016 --- [ngodb.net:27017] org.mongodb.driver.cluster               : Monitor thread successfully connected to server with description ServerDescription{address=db-shard-00-02.lmsrd.mongodb.net:27017, type=REPLICA_SET_PRIMARY, state=CONNECTED, ok=true, minWireVersion=0, maxWireVersion=25, maxDocumentSize=16777216, logicalSessionTimeoutMinutes=30, roundTripTimeNanos=907665300, setName='atlas-18b4bn-shard-0', canonicalAddress=db-shard-00-02.lmsrd.mongodb.net:27017, hosts=[db-shard-00-01.lmsrd.mongodb.net:27017, db-shard-00-02.lmsrd.mongodb.net:27017, db-shard-00-00.lmsrd.mongodb.net:27017], passives=[], arbiters=[], primary='db-shard-00-02.lmsrd.mongodb.net:27017', tagSet=TagSet{[Tag{name='availabilityZone', value='aps1-az2'}, Tag{name='diskState', value='READY'}, Tag{name='nodeType', value='ELECTABLE'}, Tag{name='provider', value='AWS'}, Tag{name='region', value='AP_SOUTH_1'}, Tag{name='workloadType', value='OPERATIONAL'}]}, electionId=7fffffff0000000000000026, setVersion=1, topologyVersion=TopologyVersion{processId=67fa4f6ed68b7b850e219729, counter=6}, lastWriteDate=Mon Apr 14 10:31:15 IST 2025, lastUpdateTimeNanos=1821951341200}
2025-04-14T10:31:03.930+05:30  INFO 2016 --- [ngodb.net:27017] org.mongodb.driver.cluster               : Monitor thread successfully connected to server with description ServerDescription{address=db-shard-00-00.lmsrd.mongodb.net:27017, type=REPLICA_SET_SECONDARY, state=CONNECTED, ok=true, minWireVersion=0, maxWireVersion=25, maxDocumentSize=16777216, logicalSessionTimeoutMinutes=30, roundTripTimeNanos=906627500, setName='atlas-18b4bn-shard-0', canonicalAddress=db-shard-00-00.lmsrd.mongodb.net:27017, hosts=[db-shard-00-01.lmsrd.mongodb.net:27017, db-shard-00-02.lmsrd.mongodb.net:27017, db-shard-00-00.lmsrd.mongodb.net:27017], passives=[], arbiters=[], primary='db-shard-00-02.lmsrd.mongodb.net:27017', tagSet=TagSet{[Tag{name='availabilityZone', value='aps1-az1'}, Tag{name='diskState', value='READY'}, Tag{name='nodeType', value='ELECTABLE'}, Tag{name='provider', value='AWS'}, Tag{name='region', value='AP_SOUTH_1'}, Tag{name='workloadType', value='OPERATIONAL'}]}, electionId=null, setVersion=1, topologyVersion=TopologyVersion{processId=67fa4e2d790aa213998dac08, counter=4}, lastWriteDate=Mon Apr 14 10:31:15 IST 2025, lastUpdateTimeNanos=1821951193200}
2025-04-14T10:31:03.930+05:30  INFO 2016 --- [ngodb.net:27017] org.mongodb.driver.cluster               : Monitor thread successfully connected to server with description ServerDescription{address=db-shard-00-01.lmsrd.mongodb.net:27017, type=REPLICA_SET_SECONDARY, state=CONNECTED, ok=true, minWireVersion=0, maxWireVersion=25, maxDocumentSize=16777216, logicalSessionTimeoutMinutes=30, roundTripTimeNanos=907936200, setName='atlas-18b4bn-shard-0', canonicalAddress=db-shard-00-01.lmsrd.mongodb.net:27017, hosts=[db-shard-00-01.lmsrd.mongodb.net:27017, db-shard-00-02.lmsrd.mongodb.net:27017, db-shard-00-00.lmsrd.mongodb.net:27017], passives=[], arbiters=[], primary='db-shard-00-02.lmsrd.mongodb.net:27017', tagSet=TagSet{[Tag{name='availabilityZone', value='aps1-az3'}, Tag{name='diskState', value='READY'}, Tag{name='nodeType', value='ELECTABLE'}, Tag{name='provider', value='AWS'}, Tag{name='region', value='AP_SOUTH_1'}, Tag{name='workloadType', value='OPERATIONAL'}]}, electionId=null, setVersion=1, topologyVersion=TopologyVersion{processId=67fa52a0f2c51ba5d4508c73, counter=3}, lastWriteDate=Mon Apr 14 10:31:15 IST 2025, lastUpdateTimeNanos=1821951466700}
2025-04-14T10:31:03.939+05:30  INFO 2016 --- [ngodb.net:27017] org.mongodb.driver.cluster               : Discovered replica set primary db-shard-00-02.lmsrd.mongodb.net:27017 with max election id 7fffffff0000000000000026 and max set version 1
2025-04-14T10:31:04.531+05:30  INFO 2016 --- [           main] o.s.b.a.w.s.WelcomePageHandlerMapping    : Adding welcome page template: index
2025-04-14T10:31:04.976+05:30  INFO 2016 --- [           main] c.e.u.UrlShortenerApplicationTests       : Started UrlShortenerApplicationTests in 7.507 seconds (process running for 10.901)
]]></system-out>
    <system-err><![CDATA[WARNING: A Java agent has been loaded dynamically (C:\Users\sahil\.m2\repository\net\bytebuddy\byte-buddy-agent\1.14.4\byte-buddy-agent-1.14.4.jar)
WARNING: If a serviceability tool is in use, please run with -XX:+EnableDynamicAgentLoading to hide this warning
WARNING: If a serviceability tool is not in use, please run with -Djdk.instrument.traceUsage for more information
WARNING: Dynamic loading of agents will be disallowed by default in a future release
]]></system-err>
  </testcase>
</testsuite>